<?xml version="1.0" encoding="UTF-8" standalone="yes"?><!DOCTYPE report PUBLIC "-//JACOCO//DTD Report 1.1//EN" "report.dtd"><report name="demo"><sessioninfo id="IS04EQ16-6dd7a5a2" start="1675284240971" dump="1675284242127"/><sessioninfo id="IS04EQ16-9b8009a8" start="1675285507491" dump="1675285508855"/><package name="com/example"><class name="com/example/App" sourcefilename="App.java"><method name="&lt;init&gt;" desc="()V" line="3"><counter type="INSTRUCTION" missed="0" covered="3"/><counter type="LINE" missed="0" covered="1"/><counter type="COMPLEXITY" missed="0" covered="1"/><counter type="METHOD" missed="0" covered="1"/></method><method name="notaTexto" desc="(I)Ljava/lang/String;" line="5"><counter type="INSTRUCTION" missed="11" covered="21"/><counter type="BRANCH" missed="6" covered="6"/><counter type="LINE" missed="5" covered="6"/><counter type="COMPLEXITY" missed="5" covered="2"/><counter type="METHOD" missed="0" covered="1"/></method><counter type="INSTRUCTION" missed="11" covered="24"/><counter type="BRANCH" missed="6" covered="6"/><counter type="LINE" missed="5" covered="7"/><counter type="COMPLEXITY" missed="5" covered="3"/><counter type="METHOD" missed="0" covered="2"/><counter type="CLASS" missed="0" covered="1"/></class><sourcefile name="App.java"><line nr="3" mi="0" ci="3" mb="0" cb="0"/><line nr="5" mi="0" ci="6" mb="1" cb="3"/><line nr="6" mi="0" ci="4" mb="0" cb="0"/><line nr="7" mi="0" ci="3" mb="1" cb="1"/><line nr="8" mi="2" ci="0" mb="0" cb="0"/><line nr="9" mi="0" ci="3" mb="1" cb="1"/><line nr="10" mi="2" ci="0" mb="0" cb="0"/><line nr="11" mi="0" ci="3" mb="1" cb="1"/><line nr="12" mi="0" ci="2" mb="0" cb="0"/><line nr="13" mi="3" ci="0" mb="2" cb="0"/><line nr="14" mi="2" ci="0" mb="0" cb="0"/><line nr="16" mi="2" ci="0" mb="0" cb="0"/><counter type="INSTRUCTION" missed="11" covered="24"/><counter type="BRANCH" missed="6" covered="6"/><counter type="LINE" missed="5" covered="7"/><counter type="COMPLEXITY" missed="5" covered="3"/><counter type="METHOD" missed="0" covered="2"/><counter type="CLASS" missed="0" covered="1"/></sourcefile><counter type="INSTRUCTION" missed="11" covered="24"/><counter type="BRANCH" missed="6" covered="6"/><counter type="LINE" missed="5" covered="7"/><counter type="COMPLEXITY" missed="5" covered="3"/><counter type="METHOD" missed="0" covered="2"/><counter type="CLASS" missed="0" covered="1"/></package><counter type="INSTRUCTION" missed="11" covered="24"/><counter type="BRANCH" missed="6" covered="6"/><counter type="LINE" missed="5" covered="7"/><counter type="COMPLEXITY" missed="5" covered="3"/><counter type="METHOD" missed="0" covered="2"/><counter type="CLASS" missed="0" covered="1"/></report>